<?xml version="1.0" encoding="UTF-8" ?>
<testsuite tests="4" failures="0" name="StepDefinitions.TestRunner" time="31.17" errors="0" skipped="0">
  <properties>
[...]
</properties>
  <testcase classname="Validate Login Credentials" name="Verify that a valid user can sign in" time="9.022"/>
  <testcase classname="Validate Login Credentials" name="Verify that a in-valid users cannot sign in #1" time="7.019"/>
  <testcase classname="Validate Login Credentials" name="Verify that a in-valid users cannot sign in #2" time="7.413"/>
  <testcase classname="Buy In the Shop" name="Buy the maximun and the minimum price item of the store" time="7.716"/>
</testsuite>